<?xml version="1.0" encoding="UTF-8"?>
<testsuite name="TestSuite" time="33.154" tests="6" errors="0" skipped="0" failures="3">
  <properties>
[...]
</properties>
  <testcase name="loginTest" classname="com.inetbanking.testCases.TC_LoginTest_001" time="4.821">
    <failure type="junit.framework.AssertionFailedError:">junit.framework.AssertionFailedError: null
	at junit.framework.Assert.fail(Assert.java:47)
	at junit.framework.Assert.assertTrue(Assert.java:20)
	at junit.framework.Assert.assertTrue(Assert.java:27)
	at com.inetbanking.testCases.TC_LoginTest_001.loginTest(TC_LoginTest_001.java:42)
</failure>
    <system-out><![CDATA[ INFO [main] (TC_LoginTest_001.java:18)- URL is opened
 INFO [main] (TC_LoginTest_001.java:22)- Username is entered
 INFO [main] (TC_LoginTest_001.java:25)- Password is entered
Screenshot taken
]]></system-out>
    <system-err><![CDATA[Starting ChromeDriver 98.0.4758.102 (273bf7ac8c909cde36982d27f66f3c70846a3718-refs/branch-heads/4758@{#1151}) on port 17236
Only local connections are allowed.
Please see https://chromedriver.chromium.org/security-considerations for suggestions on keeping ChromeDriver safe.
ChromeDriver was started successfully.
Mar 11, 2022 12:12:04 PM org.openqa.selenium.remote.ProtocolHandshake createSession
INFO: Detected dialect: W3C
]]></system-err>
  </testcase>
  <testcase name="LoginDDT" classname="com.inetbanking.testCases.TC_LoginDDT_002" time="28.333"/>
  <testcase name="LoginDDT" classname="com.inetbanking.testCases.TC_LoginDDT_002" time="10.627">
    <failure type="junit.framework.AssertionFailedError:">junit.framework.AssertionFailedError: null
	at junit.framework.Assert.fail(Assert.java:47)
	at junit.framework.Assert.assertTrue(Assert.java:20)
	at junit.framework.Assert.assertTrue(Assert.java:27)
	at com.inetbanking.testCases.TC_LoginDDT_002.LoginDDT(TC_LoginDDT_002.java:30)
</failure>
    <system-out><![CDATA[ INFO [main] (TC_LoginDDT_002.java:20)- user name is provided
 INFO [main] (TC_LoginDDT_002.java:22)- password is provided
Screenshot taken
]]></system-out>
  </testcase>
  <testcase name="LoginDDT" classname="com.inetbanking.testCases.TC_LoginDDT_002" time="19.985"/>
  <testcase name="LoginDDT" classname="com.inetbanking.testCases.TC_LoginDDT_002" time="23.692"/>
  <testcase name="LoginDDT" classname="com.inetbanking.testCases.TC_LoginDDT_002" time="13.951">
    <failure type="junit.framework.AssertionFailedError:">junit.framework.AssertionFailedError: null
	at junit.framework.Assert.fail(Assert.java:47)
	at junit.framework.Assert.assertTrue(Assert.java:20)
	at junit.framework.Assert.assertTrue(Assert.java:27)
	at com.inetbanking.testCases.TC_LoginDDT_002.LoginDDT(TC_LoginDDT_002.java:30)
</failure>
    <system-out><![CDATA[ INFO [main] (TC_LoginDDT_002.java:20)- user name is provided
 INFO [main] (TC_LoginDDT_002.java:22)- password is provided
Screenshot taken
]]></system-out>
  </testcase>
</testsuite>